2025-11-01 09:19:04,529 - cronlytic.com - INFO - Rate limiter initialized: 10 requests/minute
2025-11-01 09:19:04,530 - cronlytic.com - INFO - Starting minimal scrape...
2025-11-01 09:19:04,530 - cronlytic.com - INFO - Scraping 1 primary subreddits...
2025-11-01 09:19:04,530 - cronlytic.com - INFO - Fetching posts from r/complaints using top, hot, and new...
2025-11-01 09:19:04,531 - cronlytic.com - INFO - → Fetching top...
2025-11-01 09:19:05,167 - cronlytic.com - INFO - → Fetching hot...
2025-11-01 09:19:05,725 - cronlytic.com - INFO - → Fetching new...
2025-11-01 09:19:05,885 - cronlytic.com - INFO - Total fetched posts to process from r/complaints: 3
2025-11-01 09:19:05,885 - cronlytic.com - INFO - Processing post #1/3
2025-11-01 09:19:05,886 - cronlytic.com - DEBUG - Post 1ohcy60 at 2025-10-27T07:23:52 — I Am Sick of This Cycle of Conservative Economic Terrorism
2025-11-01 09:19:08,667 - cronlytic.com - DEBUG - Post 1of51sg at 2025-10-24T13:11:10 — Update: anti-spam efforts + reminders
2025-11-01 09:19:08,792 - cronlytic.com - DEBUG - Post 1oloxfm at 2025-11-01T09:16:21 — 42 million will lose SNAP, but donnies on it....
2025-11-01 09:19:08,792 - cronlytic.com - INFO - r/complaints — Found 485 new items | Skipped 1 due to age | 0 duplicates
2025-11-01 09:19:08,792 - cronlytic.com - INFO - Finished processing posts from r/complaints in 2.91 seconds
2025-11-01 09:19:08,793 - cronlytic.com - INFO - Total items scraped: 485
2025-11-01 09:20:27,633 - cronlytic.com - INFO - Rate limiter initialized: 10 requests/minute
2025-11-01 09:20:27,634 - cronlytic.com - INFO - Starting minimal scrape...
2025-11-01 09:20:27,634 - cronlytic.com - INFO - Scraping 1 primary subreddits...
2025-11-01 09:20:27,634 - cronlytic.com - INFO - Fetching posts from r/complaints using top, hot, and new...
2025-11-01 09:20:27,635 - cronlytic.com - INFO - → Fetching top...
2025-11-01 09:20:27,916 - cronlytic.com - INFO - → Fetching hot...
2025-11-01 09:20:28,495 - cronlytic.com - INFO - → Fetching new...
2025-11-01 09:20:28,633 - cronlytic.com - INFO - Total fetched posts to process from r/complaints: 3
2025-11-01 09:20:28,633 - cronlytic.com - INFO - Processing post #1/3
2025-11-01 09:20:28,633 - cronlytic.com - DEBUG - Post 1ohcy60 at 2025-10-27T07:23:52 — I Am Sick of This Cycle of Conservative Economic Terrorism
2025-11-01 09:20:31,379 - cronlytic.com - DEBUG - Post 1of51sg at 2025-10-24T13:11:10 — Update: anti-spam efforts + reminders
2025-11-01 09:20:31,503 - cronlytic.com - DEBUG - Post 1olp0bl at 2025-11-01T09:19:48 — Flushing Democracy down the Golden Toilet bowl
2025-11-01 09:20:31,503 - cronlytic.com - INFO - r/complaints — Found 485 new items | Skipped 1 due to age | 0 duplicates
2025-11-01 09:20:31,503 - cronlytic.com - INFO - Finished processing posts from r/complaints in 2.87 seconds
2025-11-01 09:20:31,503 - cronlytic.com - INFO - Total items scraped: 485
2025-11-01 09:27:35,713 - cronlytic.com - INFO - Rate limiter initialized: 10 requests/minute
2025-11-01 09:27:35,714 - cronlytic.com - INFO - Starting minimal scrape...
2025-11-01 09:27:35,714 - cronlytic.com - INFO - Scraping 1 primary subreddits...
2025-11-01 09:27:35,714 - cronlytic.com - INFO - Fetching posts from r/complaints using top, hot, and new...
2025-11-01 09:27:35,715 - cronlytic.com - INFO - → Fetching top...
2025-11-01 09:27:36,009 - cronlytic.com - INFO - → Fetching hot...
2025-11-01 09:27:36,554 - cronlytic.com - INFO - → Fetching new...
2025-11-01 09:27:36,707 - cronlytic.com - INFO - Total fetched posts to process from r/complaints: 3
2025-11-01 09:27:36,707 - cronlytic.com - INFO - Processing post #1/3
2025-11-01 09:27:36,707 - cronlytic.com - DEBUG - Post 1ohcy60 at 2025-10-27T07:23:52 — I Am Sick of This Cycle of Conservative Economic Terrorism
2025-11-01 09:27:39,314 - cronlytic.com - DEBUG - Post 1of51sg at 2025-10-24T13:11:10 — Update: anti-spam efforts + reminders
2025-11-01 09:27:39,432 - cronlytic.com - DEBUG - Post 1olp5o6 at 2025-11-01T09:26:08 — With all of the FAKE "law enforcement" and refusal to identi
2025-11-01 09:27:39,432 - cronlytic.com - INFO - r/complaints — Found 485 new items | Skipped 1 due to age | 0 duplicates
2025-11-01 09:27:39,432 - cronlytic.com - INFO - Finished processing posts from r/complaints in 2.72 seconds
2025-11-01 09:27:39,432 - cronlytic.com - INFO - Total items scraped: 485
2025-11-01 09:55:16,852 - cronlytic.com - INFO - Rate limiter initialized: 10 requests/minute
2025-11-01 09:55:16,853 - cronlytic.com - INFO - Starting minimal scrape...
2025-11-01 09:55:16,853 - cronlytic.com - INFO - Scraping 1 primary subreddits...
2025-11-01 09:55:16,853 - cronlytic.com - INFO - Fetching posts from r/complaints using top, hot, and new...
2025-11-01 09:55:16,853 - cronlytic.com - INFO - → Fetching top...
2025-11-01 09:55:17,132 - cronlytic.com - INFO - → Fetching hot...
2025-11-01 09:55:17,867 - cronlytic.com - INFO - → Fetching new...
2025-11-01 09:55:18,039 - cronlytic.com - INFO - Total fetched posts to process from r/complaints: 3
2025-11-01 09:55:18,039 - cronlytic.com - INFO - Processing post #1/3
2025-11-01 09:55:18,039 - cronlytic.com - DEBUG - Post 1ohcy60 at 2025-10-27T07:23:52 — I Am Sick of This Cycle of Conservative Economic Terrorism
2025-11-01 09:55:21,344 - cronlytic.com - DEBUG - Post 1of51sg at 2025-10-24T13:11:10 — Update: anti-spam efforts + reminders
2025-11-01 09:55:21,462 - cronlytic.com - DEBUG - Post 1olplni at 2025-11-01T09:44:43 — Everywhere you look, white Trump voters are crying about los
2025-11-01 09:55:21,462 - cronlytic.com - INFO - r/complaints — Found 485 new items | Skipped 1 due to age | 0 duplicates
2025-11-01 09:55:21,462 - cronlytic.com - INFO - Finished processing posts from r/complaints in 3.42 seconds
2025-11-01 09:55:21,462 - cronlytic.com - INFO - Total items scraped: 485
2025-11-01 10:00:03,170 - cronlytic.com - INFO - Rate limiter initialized: 10 requests/minute
2025-11-01 10:00:03,171 - cronlytic.com - INFO - Starting minimal scrape...
2025-11-01 10:00:03,171 - cronlytic.com - INFO - Scraping 2 primary subreddits...
2025-11-01 10:00:03,172 - cronlytic.com - INFO - Fetching posts from r/complaints using top, hot, and new...
2025-11-01 10:00:03,172 - cronlytic.com - INFO - → Fetching top...
2025-11-01 10:00:03,480 - cronlytic.com - INFO - → Fetching hot...
2025-11-01 10:00:04,180 - cronlytic.com - INFO - → Fetching new...
2025-11-01 10:00:04,357 - cronlytic.com - INFO - Total fetched posts to process from r/complaints: 3
2025-11-01 10:00:04,357 - cronlytic.com - INFO - Processing post #1/3
2025-11-01 10:00:04,357 - cronlytic.com - DEBUG - Post 1ohcy60 at 2025-10-27T07:23:52 — I Am Sick of This Cycle of Conservative Economic Terrorism
2025-11-01 10:00:07,187 - cronlytic.com - DEBUG - Post 1of51sg at 2025-10-24T13:11:10 — Update: anti-spam efforts + reminders
2025-11-01 10:00:07,316 - cronlytic.com - DEBUG - Post 1olplni at 2025-11-01T09:44:43 — Everywhere you look, white Trump voters are crying about los
2025-11-01 10:00:07,316 - cronlytic.com - INFO - r/complaints — Found 485 new items | Skipped 1 due to age | 0 duplicates
2025-11-01 10:00:07,316 - cronlytic.com - INFO - Finished processing posts from r/complaints in 2.96 seconds
2025-11-01 10:00:07,316 - cronlytic.com - INFO - Fetching posts from r/politics using top, hot, and new...
2025-11-01 10:00:07,316 - cronlytic.com - INFO - → Fetching top...
2025-11-01 10:00:07,450 - cronlytic.com - INFO - → Fetching hot...
2025-11-01 10:00:07,967 - cronlytic.com - INFO - → Fetching new...
2025-11-01 10:00:08,176 - cronlytic.com - INFO - Total fetched posts to process from r/politics: 3
2025-11-01 10:00:08,176 - cronlytic.com - INFO - Processing post #1/3
2025-11-01 10:00:08,177 - cronlytic.com - DEBUG - Post 1o8z02o at 2025-10-17T06:41:44 — Hackers Dox Hundreds of DHS, ICE, FBI, and DOJ Officials
2025-11-01 10:00:11,671 - cronlytic.com - DEBUG - Post 1olm18y at 2025-11-01T07:00:47 — Discussion Thread: 2025 US Government Shutdown, Day 32
2025-11-01 10:00:11,671 - cronlytic.com - DEBUG - Post 1olpv30 at 2025-11-01T09:55:23 — Mamdani, AOC and Sanders' anti-AI socialism could be Democra
2025-11-01 10:00:11,671 - cronlytic.com - INFO - r/politics — Found 494 new items | Skipped 2 due to age | 0 duplicates
2025-11-01 10:00:11,671 - cronlytic.com - INFO - Finished processing posts from r/politics in 3.49 seconds
2025-11-01 10:00:11,671 - cronlytic.com - INFO - Total items scraped: 979
2025-11-01 10:01:07,065 - cronlytic.com - INFO - Rate limiter initialized: 10 requests/minute
2025-11-01 10:01:07,067 - cronlytic.com - INFO - Starting minimal scrape...
2025-11-01 10:01:07,067 - cronlytic.com - INFO - Scraping 2 primary subreddits...
2025-11-01 10:01:07,067 - cronlytic.com - INFO - Fetching posts from r/complaints using top, hot, and new...
2025-11-01 10:01:07,067 - cronlytic.com - INFO - → Fetching top...
2025-11-01 10:01:07,385 - cronlytic.com - INFO - → Fetching hot...
2025-11-01 10:01:08,076 - cronlytic.com - INFO - → Fetching new...
2025-11-01 10:01:08,243 - cronlytic.com - INFO - Total fetched posts to process from r/complaints: 3
2025-11-01 10:01:08,244 - cronlytic.com - INFO - Processing post #1/3
2025-11-01 10:01:08,244 - cronlytic.com - DEBUG - Post 1ohcy60 at 2025-10-27T07:23:52 — I Am Sick of This Cycle of Conservative Economic Terrorism
2025-11-01 10:01:11,297 - cronlytic.com - DEBUG - Post 1of51sg at 2025-10-24T13:11:10 — Update: anti-spam efforts + reminders
2025-11-01 10:01:11,426 - cronlytic.com - DEBUG - Post 1olplni at 2025-11-01T09:44:43 — Everywhere you look, white Trump voters are crying about los
2025-11-01 10:01:11,426 - cronlytic.com - INFO - r/complaints — Found 485 new items | Skipped 1 due to age | 0 duplicates
2025-11-01 10:01:11,427 - cronlytic.com - INFO - Finished processing posts from r/complaints in 3.18 seconds
2025-11-01 10:01:11,427 - cronlytic.com - INFO - Fetching posts from r/politics using top, hot, and new...
2025-11-01 10:01:11,427 - cronlytic.com - INFO - → Fetching top...
2025-11-01 10:01:11,569 - cronlytic.com - INFO - → Fetching hot...
2025-11-01 10:01:12,136 - cronlytic.com - INFO - → Fetching new...
2025-11-01 10:01:12,338 - cronlytic.com - INFO - Total fetched posts to process from r/politics: 3
2025-11-01 10:01:12,338 - cronlytic.com - INFO - Processing post #1/3
2025-11-01 10:01:12,338 - cronlytic.com - DEBUG - Post 1o8z02o at 2025-10-17T06:41:44 — Hackers Dox Hundreds of DHS, ICE, FBI, and DOJ Officials
2025-11-01 10:01:15,646 - cronlytic.com - DEBUG - Post 1olm18y at 2025-11-01T07:00:47 — Discussion Thread: 2025 US Government Shutdown, Day 32
2025-11-01 10:01:15,646 - cronlytic.com - DEBUG - Post 1olpv30 at 2025-11-01T09:55:23 — Mamdani, AOC and Sanders' anti-AI socialism could be Democra
2025-11-01 10:01:15,646 - cronlytic.com - INFO - r/politics — Found 494 new items | Skipped 2 due to age | 0 duplicates
2025-11-01 10:01:15,646 - cronlytic.com - INFO - Finished processing posts from r/politics in 3.31 seconds
2025-11-01 10:01:15,647 - cronlytic.com - INFO - Total items scraped: 979
2025-11-01 10:01:43,243 - cronlytic.com - INFO - Rate limiter initialized: 10 requests/minute
2025-11-01 10:01:43,244 - cronlytic.com - INFO - Starting minimal scrape...
2025-11-01 10:01:43,244 - cronlytic.com - INFO - Scraping 2 primary subreddits...
2025-11-01 10:01:43,244 - cronlytic.com - INFO - Fetching posts from r/complaints using top, hot, and new...
2025-11-01 10:01:43,244 - cronlytic.com - INFO - → Fetching top...
2025-11-01 10:01:43,548 - cronlytic.com - INFO - → Fetching hot...
2025-11-01 10:01:44,222 - cronlytic.com - INFO - → Fetching new...
2025-11-01 10:01:44,411 - cronlytic.com - INFO - Total fetched posts to process from r/complaints: 3
2025-11-01 10:01:44,411 - cronlytic.com - INFO - Processing post #1/3
2025-11-01 10:01:44,411 - cronlytic.com - DEBUG - Post 1ohcy60 at 2025-10-27T07:23:52 — I Am Sick of This Cycle of Conservative Economic Terrorism
2025-11-01 10:01:47,348 - cronlytic.com - DEBUG - Post 1of51sg at 2025-10-24T13:11:10 — Update: anti-spam efforts + reminders
2025-11-01 10:01:47,476 - cronlytic.com - DEBUG - Post 1olplni at 2025-11-01T09:44:43 — Everywhere you look, white Trump voters are crying about los
2025-11-01 10:01:47,476 - cronlytic.com - INFO - r/complaints — Found 485 new items | Skipped 1 due to age | 0 duplicates
2025-11-01 10:01:47,476 - cronlytic.com - INFO - Finished processing posts from r/complaints in 3.07 seconds
2025-11-01 10:01:47,476 - cronlytic.com - INFO - Fetching posts from r/politics using top, hot, and new...
2025-11-01 10:01:47,477 - cronlytic.com - INFO - → Fetching top...
2025-11-01 10:01:47,628 - cronlytic.com - INFO - → Fetching hot...
2025-11-01 10:01:48,113 - cronlytic.com - INFO - → Fetching new...
2025-11-01 10:01:48,286 - cronlytic.com - INFO - Total fetched posts to process from r/politics: 3
2025-11-01 10:01:48,287 - cronlytic.com - INFO - Processing post #1/3
2025-11-01 10:01:48,287 - cronlytic.com - DEBUG - Post 1o8z02o at 2025-10-17T06:41:44 — Hackers Dox Hundreds of DHS, ICE, FBI, and DOJ Officials
2025-11-01 10:01:51,436 - cronlytic.com - DEBUG - Post 1olm18y at 2025-11-01T07:00:47 — Discussion Thread: 2025 US Government Shutdown, Day 32
2025-11-01 10:01:51,436 - cronlytic.com - DEBUG - Post 1olpv30 at 2025-11-01T09:55:23 — Mamdani, AOC and Sanders' anti-AI socialism could be Democra
2025-11-01 10:01:51,436 - cronlytic.com - INFO - r/politics — Found 494 new items | Skipped 2 due to age | 0 duplicates
2025-11-01 10:01:51,436 - cronlytic.com - INFO - Finished processing posts from r/politics in 3.15 seconds
2025-11-01 10:01:51,436 - cronlytic.com - INFO - Total items scraped: 979
2025-11-01 10:02:08,469 - cronlytic.com - INFO - Rate limiter initialized: 10 requests/minute
2025-11-01 10:02:08,471 - cronlytic.com - INFO - Starting minimal scrape...
2025-11-01 10:02:08,471 - cronlytic.com - INFO - Scraping 2 primary subreddits...
2025-11-01 10:02:08,471 - cronlytic.com - INFO - Fetching posts from r/complaints using top, hot, and new...
2025-11-01 10:02:08,471 - cronlytic.com - INFO - → Fetching top...
2025-11-01 10:02:09,005 - cronlytic.com - INFO - → Fetching hot...
2025-11-01 10:02:09,771 - cronlytic.com - INFO - → Fetching new...
2025-11-01 10:02:09,916 - cronlytic.com - INFO - Total fetched posts to process from r/complaints: 3
2025-11-01 10:02:09,917 - cronlytic.com - INFO - Processing post #1/3
2025-11-01 10:02:09,917 - cronlytic.com - DEBUG - Post 1ohcy60 at 2025-10-27T07:23:52 — I Am Sick of This Cycle of Conservative Economic Terrorism
2025-11-01 10:02:12,904 - cronlytic.com - DEBUG - Post 1ok1gfl at 2025-10-30T09:37:29 — Screw you if you have an issue with truck or treaters coming
2025-11-01 10:02:13,305 - cronlytic.com - DEBUG - Post 1olplni at 2025-11-01T09:44:43 — Everywhere you look, white Trump voters are crying about los
2025-11-01 10:02:13,305 - cronlytic.com - INFO - r/complaints — Found 548 new items | Skipped 1 due to age | 0 duplicates
2025-11-01 10:02:13,305 - cronlytic.com - INFO - Finished processing posts from r/complaints in 3.39 seconds
2025-11-01 10:02:13,305 - cronlytic.com - INFO - Fetching posts from r/politics using top, hot, and new...
2025-11-01 10:02:13,305 - cronlytic.com - INFO - → Fetching top...
2025-11-01 10:02:13,471 - cronlytic.com - INFO - → Fetching hot...
2025-11-01 10:02:14,021 - cronlytic.com - INFO - → Fetching new...
2025-11-01 10:02:14,197 - cronlytic.com - INFO - Total fetched posts to process from r/politics: 3
2025-11-01 10:02:14,197 - cronlytic.com - INFO - Processing post #1/3
2025-11-01 10:02:14,197 - cronlytic.com - DEBUG - Post 1o8z02o at 2025-10-17T06:41:44 — Hackers Dox Hundreds of DHS, ICE, FBI, and DOJ Officials
2025-11-01 10:02:17,851 - cronlytic.com - DEBUG - Post 1olm18y at 2025-11-01T07:00:47 — Discussion Thread: 2025 US Government Shutdown, Day 32
2025-11-01 10:02:17,851 - cronlytic.com - DEBUG - Post 1olpv30 at 2025-11-01T09:55:23 — Mamdani, AOC and Sanders' anti-AI socialism could be Democra
2025-11-01 10:02:17,851 - cronlytic.com - INFO - r/politics — Found 494 new items | Skipped 2 due to age | 0 duplicates
2025-11-01 10:02:17,851 - cronlytic.com - INFO - Finished processing posts from r/politics in 3.65 seconds
2025-11-01 10:02:17,851 - cronlytic.com - INFO - Total items scraped: 1042
2025-11-01 10:02:48,814 - cronlytic.com - INFO - Rate limiter initialized: 10 requests/minute
2025-11-01 10:02:48,815 - cronlytic.com - INFO - Starting minimal scrape...
2025-11-01 10:02:48,815 - cronlytic.com - INFO - Scraping 2 primary subreddits...
2025-11-01 10:02:48,815 - cronlytic.com - INFO - Fetching posts from r/complaints using top, hot, and new...
2025-11-01 10:02:48,815 - cronlytic.com - INFO - → Fetching top...
2025-11-01 10:02:49,125 - cronlytic.com - INFO - → Fetching hot...
2025-11-01 10:02:49,687 - cronlytic.com - INFO - → Fetching new...
2025-11-01 10:02:49,846 - cronlytic.com - INFO - Total fetched posts to process from r/complaints: 3
2025-11-01 10:02:49,846 - cronlytic.com - INFO - Processing post #1/3
2025-11-01 10:02:49,846 - cronlytic.com - DEBUG - Post 1ohcy60 at 2025-10-27T07:23:52 — I Am Sick of This Cycle of Conservative Economic Terrorism
2025-11-01 10:02:52,384 - cronlytic.com - DEBUG - Post 1of51sg at 2025-10-24T13:11:10 — Update: anti-spam efforts + reminders
2025-11-01 10:02:52,499 - cronlytic.com - DEBUG - Post 1olplni at 2025-11-01T09:44:43 — Everywhere you look, white Trump voters are crying about los
2025-11-01 10:02:52,499 - cronlytic.com - INFO - r/complaints — Found 485 new items | Skipped 1 due to age | 0 duplicates
2025-11-01 10:02:52,499 - cronlytic.com - INFO - Finished processing posts from r/complaints in 2.65 seconds
2025-11-01 10:02:52,499 - cronlytic.com - INFO - Fetching posts from r/politics using top, hot, and new...
2025-11-01 10:02:52,499 - cronlytic.com - INFO - → Fetching top...
2025-11-01 10:02:52,661 - cronlytic.com - INFO - → Fetching hot...
2025-11-01 10:02:53,038 - cronlytic.com - INFO - → Fetching new...
2025-11-01 10:02:53,195 - cronlytic.com - INFO - Total fetched posts to process from r/politics: 3
2025-11-01 10:02:53,195 - cronlytic.com - INFO - Processing post #1/3
2025-11-01 10:02:53,196 - cronlytic.com - DEBUG - Post 1o8z02o at 2025-10-17T06:41:44 — Hackers Dox Hundreds of DHS, ICE, FBI, and DOJ Officials
2025-11-01 10:02:57,167 - cronlytic.com - DEBUG - Post 1olm18y at 2025-11-01T07:00:47 — Discussion Thread: 2025 US Government Shutdown, Day 32
2025-11-01 10:02:57,168 - cronlytic.com - DEBUG - Post 1olpv30 at 2025-11-01T09:55:23 — Mamdani, AOC and Sanders' anti-AI socialism could be Democra
2025-11-01 10:02:57,168 - cronlytic.com - INFO - r/politics — Found 494 new items | Skipped 2 due to age | 0 duplicates
2025-11-01 10:02:57,168 - cronlytic.com - INFO - Finished processing posts from r/politics in 3.97 seconds
2025-11-01 10:02:57,168 - cronlytic.com - INFO - Total items scraped: 979
2025-11-01 10:03:46,959 - cronlytic.com - INFO - Rate limiter initialized: 10 requests/minute
2025-11-01 10:03:46,960 - cronlytic.com - INFO - Starting minimal scrape...
2025-11-01 10:03:46,960 - cronlytic.com - INFO - Scraping 2 primary subreddits...
2025-11-01 10:03:46,960 - cronlytic.com - INFO - Fetching posts from r/complaints using top, hot, and new...
2025-11-01 10:03:46,960 - cronlytic.com - INFO - → Fetching top...
2025-11-01 10:03:47,355 - cronlytic.com - INFO - → Fetching hot...
2025-11-01 10:03:47,941 - cronlytic.com - INFO - → Fetching new...
2025-11-01 10:03:48,126 - cronlytic.com - INFO - Total fetched posts to process from r/complaints: 3
2025-11-01 10:03:48,126 - cronlytic.com - INFO - Processing post #1/3
2025-11-01 10:03:48,126 - cronlytic.com - DEBUG - Post 1ohcy60 at 2025-10-27T07:23:52 — I Am Sick of This Cycle of Conservative Economic Terrorism
2025-11-01 10:03:50,995 - cronlytic.com - DEBUG - Post 1of51sg at 2025-10-24T13:11:10 — Update: anti-spam efforts + reminders
2025-11-01 10:03:51,144 - cronlytic.com - DEBUG - Post 1olplni at 2025-11-01T09:44:43 — Everywhere you look, white Trump voters are crying about los
2025-11-01 10:03:51,144 - cronlytic.com - INFO - r/complaints — Found 485 new items | Skipped 1 due to age | 0 duplicates
2025-11-01 10:03:51,145 - cronlytic.com - INFO - Finished processing posts from r/complaints in 3.02 seconds
2025-11-01 10:03:51,145 - cronlytic.com - INFO - Fetching posts from r/politics using top, hot, and new...
2025-11-01 10:03:51,145 - cronlytic.com - INFO - → Fetching top...
2025-11-01 10:03:51,308 - cronlytic.com - INFO - → Fetching hot...
2025-11-01 10:03:51,818 - cronlytic.com - INFO - → Fetching new...
2025-11-01 10:03:52,003 - cronlytic.com - INFO - Total fetched posts to process from r/politics: 3
2025-11-01 10:03:52,004 - cronlytic.com - INFO - Processing post #1/3
2025-11-01 10:03:52,004 - cronlytic.com - DEBUG - Post 1o8z02o at 2025-10-17T06:41:44 — Hackers Dox Hundreds of DHS, ICE, FBI, and DOJ Officials
2025-11-01 10:03:56,054 - cronlytic.com - DEBUG - Post 1olm18y at 2025-11-01T07:00:47 — Discussion Thread: 2025 US Government Shutdown, Day 32
2025-11-01 10:03:56,054 - cronlytic.com - DEBUG - Post 1olq1ox at 2025-11-01T10:02:54 — IDs are mismatched, illegible or still missing 3 weeks after
2025-11-01 10:03:56,054 - cronlytic.com - INFO - r/politics — Found 494 new items | Skipped 2 due to age | 0 duplicates
2025-11-01 10:03:56,054 - cronlytic.com - INFO - Finished processing posts from r/politics in 4.05 seconds
2025-11-01 10:03:56,054 - cronlytic.com - INFO - Total items scraped: 979
2025-11-01 10:10:26,512 - cronlytic.com - INFO - Rate limiter initialized: 10 requests/minute
2025-11-01 10:10:26,513 - cronlytic.com - INFO - Starting minimal scrape...
2025-11-01 10:10:26,513 - cronlytic.com - INFO - Scraping 2 primary subreddits...
2025-11-01 10:10:26,513 - cronlytic.com - INFO - Fetching posts from r/complaints using top, hot, and new...
2025-11-01 10:10:26,513 - cronlytic.com - INFO - → Fetching top...
2025-11-01 10:10:26,799 - cronlytic.com - INFO - → Fetching hot...
2025-11-01 10:10:27,384 - cronlytic.com - INFO - → Fetching new...
2025-11-01 10:10:27,545 - cronlytic.com - INFO - Total fetched posts to process from r/complaints: 3
2025-11-01 10:10:27,545 - cronlytic.com - INFO - Processing post #1/3
2025-11-01 10:10:27,545 - cronlytic.com - DEBUG - Post 1ohcy60 at 2025-10-27T07:23:52 — I Am Sick of This Cycle of Conservative Economic Terrorism
2025-11-01 10:10:30,692 - cronlytic.com - DEBUG - Post 1of51sg at 2025-10-24T13:11:10 — Update: anti-spam efforts + reminders
2025-11-01 10:10:30,805 - cronlytic.com - DEBUG - Post 1olq7oi at 2025-11-01T10:09:51 — How can one appeal a comment they can no longer see?
2025-11-01 10:10:30,805 - cronlytic.com - INFO - r/complaints — Found 485 new items | Skipped 1 due to age | 0 duplicates
2025-11-01 10:10:30,805 - cronlytic.com - INFO - Finished processing posts from r/complaints in 3.26 seconds
2025-11-01 10:10:30,805 - cronlytic.com - INFO - Fetching posts from r/politics using top, hot, and new...
2025-11-01 10:10:30,806 - cronlytic.com - INFO - → Fetching top...
2025-11-01 10:10:30,937 - cronlytic.com - INFO - → Fetching hot...
2025-11-01 10:10:31,376 - cronlytic.com - INFO - → Fetching new...
2025-11-01 10:10:31,540 - cronlytic.com - INFO - Total fetched posts to process from r/politics: 3
2025-11-01 10:10:31,540 - cronlytic.com - INFO - Processing post #1/3
2025-11-01 10:10:31,540 - cronlytic.com - DEBUG - Post 1o8z02o at 2025-10-17T06:41:44 — Hackers Dox Hundreds of DHS, ICE, FBI, and DOJ Officials
2025-11-01 10:10:34,921 - cronlytic.com - DEBUG - Post 1olm18y at 2025-11-01T07:00:47 — Discussion Thread: 2025 US Government Shutdown, Day 32
2025-11-01 10:10:34,921 - cronlytic.com - DEBUG - Post 1olq80x at 2025-11-01T10:10:12 — Shutdown Pain Spreads at One Month, Touching Tens of Million
2025-11-01 10:10:34,921 - cronlytic.com - INFO - r/politics — Found 494 new items | Skipped 2 due to age | 0 duplicates
2025-11-01 10:10:34,921 - cronlytic.com - INFO - Finished processing posts from r/politics in 3.38 seconds
2025-11-01 10:10:34,921 - cronlytic.com - INFO - Total items scraped: 979
2025-11-01 10:11:04,140 - cronlytic.com - INFO - Rate limiter initialized: 10 requests/minute
2025-11-01 10:11:04,141 - cronlytic.com - INFO - Starting minimal scrape...
2025-11-01 10:11:04,141 - cronlytic.com - INFO - Scraping 2 primary subreddits...
2025-11-01 10:11:04,141 - cronlytic.com - INFO - Fetching posts from r/complaints using top, hot, and new...
2025-11-01 10:11:04,141 - cronlytic.com - INFO - → Fetching top...
2025-11-01 10:11:04,429 - cronlytic.com - INFO - → Fetching hot...
2025-11-01 10:11:05,080 - cronlytic.com - INFO - → Fetching new...
2025-11-01 10:11:05,269 - cronlytic.com - INFO - Total fetched posts to process from r/complaints: 3
2025-11-01 10:11:05,269 - cronlytic.com - INFO - Processing post #1/3
2025-11-01 10:11:05,269 - cronlytic.com - DEBUG - Post 1ohcy60 at 2025-10-27T07:23:52 — I Am Sick of This Cycle of Conservative Economic Terrorism
2025-11-01 10:11:07,972 - cronlytic.com - DEBUG - Post 1of51sg at 2025-10-24T13:11:10 — Update: anti-spam efforts + reminders
2025-11-01 10:11:08,101 - cronlytic.com - DEBUG - Post 1olq7oi at 2025-11-01T10:09:51 — How can one appeal a comment they can no longer see?
2025-11-01 10:11:08,101 - cronlytic.com - INFO - r/complaints — Found 485 new items | Skipped 1 due to age | 0 duplicates
2025-11-01 10:11:08,101 - cronlytic.com - INFO - Finished processing posts from r/complaints in 2.83 seconds
2025-11-01 10:11:08,101 - cronlytic.com - INFO - Fetching posts from r/politics using top, hot, and new...
2025-11-01 10:11:08,101 - cronlytic.com - INFO - → Fetching top...
2025-11-01 10:11:08,240 - cronlytic.com - INFO - → Fetching hot...
2025-11-01 10:11:09,508 - cronlytic.com - INFO - → Fetching new...
2025-11-01 10:11:10,140 - cronlytic.com - INFO - Total fetched posts to process from r/politics: 3
2025-11-01 10:11:10,140 - cronlytic.com - INFO - Processing post #1/3
2025-11-01 10:11:10,141 - cronlytic.com - DEBUG - Post 1o8z02o at 2025-10-17T06:41:44 — Hackers Dox Hundreds of DHS, ICE, FBI, and DOJ Officials
2025-11-01 10:11:14,125 - cronlytic.com - DEBUG - Post 1olm18y at 2025-11-01T07:00:47 — Discussion Thread: 2025 US Government Shutdown, Day 32
2025-11-01 10:11:14,126 - cronlytic.com - DEBUG - Post 1olq80x at 2025-11-01T10:10:12 — Shutdown Pain Spreads at One Month, Touching Tens of Million
2025-11-01 10:11:14,126 - cronlytic.com - INFO - r/politics — Found 494 new items | Skipped 2 due to age | 0 duplicates
2025-11-01 10:11:14,126 - cronlytic.com - INFO - Finished processing posts from r/politics in 3.99 seconds
2025-11-01 10:11:14,126 - cronlytic.com - INFO - Total items scraped: 979
