2025-10-27 23:57:45,906 - cronlytic.com - INFO - Rate limiter initialized: 10 requests/minute
2025-10-27 23:57:45,907 - cronlytic.com - INFO - Starting minimal scrape...
2025-10-27 23:57:45,907 - cronlytic.com - INFO - Scraping 2 primary subreddits...
2025-10-27 23:57:45,908 - cronlytic.com - INFO - Fetching posts from r/complaints using top, hot, and new...
2025-10-27 23:57:45,908 - cronlytic.com - INFO - → Fetching top...
2025-10-27 23:57:46,604 - cronlytic.com - ERROR - Unknown error while fetching top: invalid_grant error processing request
2025-10-27 23:57:46,605 - cronlytic.com - INFO - → Fetching hot...
2025-10-27 23:57:47,217 - cronlytic.com - ERROR - Unknown error while fetching hot: invalid_grant error processing request
2025-10-27 23:57:47,220 - cronlytic.com - INFO - → Fetching new...
2025-10-27 23:57:47,822 - cronlytic.com - ERROR - Unknown error while fetching new: invalid_grant error processing request
2025-10-27 23:57:47,825 - cronlytic.com - INFO - Total fetched posts to process from r/complaints: 0
2025-10-27 23:57:47,825 - cronlytic.com - INFO - r/complaints — Found 0 new items | Skipped 0 due to age | 0 duplicates
2025-10-27 23:57:47,825 - cronlytic.com - INFO - Finished processing posts from r/complaints in 0.00 seconds
2025-10-27 23:57:47,825 - cronlytic.com - INFO - Fetching posts from r/politics using top, hot, and new...
2025-10-27 23:57:47,825 - cronlytic.com - INFO - → Fetching top...
2025-10-27 23:57:48,421 - cronlytic.com - ERROR - Unknown error while fetching top: invalid_grant error processing request
2025-10-27 23:57:48,425 - cronlytic.com - INFO - → Fetching hot...
2025-10-27 23:57:49,046 - cronlytic.com - ERROR - Unknown error while fetching hot: invalid_grant error processing request
2025-10-27 23:57:49,052 - cronlytic.com - INFO - → Fetching new...
2025-10-27 23:57:49,675 - cronlytic.com - ERROR - Unknown error while fetching new: invalid_grant error processing request
2025-10-27 23:57:49,675 - cronlytic.com - INFO - Total fetched posts to process from r/politics: 0
2025-10-27 23:57:49,675 - cronlytic.com - INFO - r/politics — Found 0 new items | Skipped 0 due to age | 0 duplicates
2025-10-27 23:57:49,675 - cronlytic.com - INFO - Finished processing posts from r/politics in 0.00 seconds
2025-10-27 23:57:49,675 - cronlytic.com - INFO - Total items scraped: 0
2025-10-27 23:57:49,675 - cronlytic.com - WARNING - No new items were scraped or found within the age range.
