2025-10-28 00:02:07,539 - cronlytic.com - INFO - Rate limiter initialized: 10 requests/minute
2025-10-28 00:02:07,540 - cronlytic.com - INFO - Starting minimal scrape...
2025-10-28 00:02:07,540 - cronlytic.com - INFO - Scraping 2 primary subreddits...
2025-10-28 00:02:07,540 - cronlytic.com - INFO - Fetching posts from r/complaints using top, hot, and new...
2025-10-28 00:02:07,541 - cronlytic.com - INFO - → Fetching top...
2025-10-28 00:02:07,833 - cronlytic.com - INFO - → Fetching hot...
2025-10-28 00:02:08,508 - cronlytic.com - INFO - → Fetching new...
2025-10-28 00:02:08,728 - cronlytic.com - INFO - Total fetched posts to process from r/complaints: 3
2025-10-28 00:02:08,728 - cronlytic.com - INFO - Processing post #1/3
2025-10-28 00:02:08,728 - cronlytic.com - DEBUG - Post 1ohcy60 at 2025-10-27T08:23:52 — I Am Sick of This Cycle of Conservative Economic Terrorism
2025-10-28 00:02:08,728 - cronlytic.com - DEBUG - Post 1of51sg at 2025-10-24T14:11:10 — Update: anti-spam efforts + reminders
2025-10-28 00:02:08,728 - cronlytic.com - DEBUG - Post 1ohzos4 at 2025-10-27T23:55:49 — Most People Have No Idea How Politics Actually Works and It’
2025-10-28 00:02:08,728 - cronlytic.com - INFO - r/complaints — Found 0 new items | Skipped 3 due to age | 0 duplicates
2025-10-28 00:02:08,728 - cronlytic.com - INFO - Finished processing posts from r/complaints in 0.00 seconds
2025-10-28 00:02:08,728 - cronlytic.com - INFO - Fetching posts from r/politics using top, hot, and new...
2025-10-28 00:02:08,728 - cronlytic.com - INFO - → Fetching top...
2025-10-28 00:02:08,836 - cronlytic.com - INFO - → Fetching hot...
2025-10-28 00:02:09,314 - cronlytic.com - INFO - → Fetching new...
2025-10-28 00:02:09,453 - cronlytic.com - INFO - Total fetched posts to process from r/politics: 3
2025-10-28 00:02:09,453 - cronlytic.com - INFO - Processing post #1/3
2025-10-28 00:02:09,453 - cronlytic.com - DEBUG - Post 1nvb3ts at 2025-10-01T11:20:01 — Pritzker Calls for Trump's Removal from Office Under 25th Am
2025-10-28 00:02:12,704 - cronlytic.com - DEBUG - Post 1ohf6nz at 2025-10-27T10:00:23 — Discussion Thread: 2025 US Government Shutdown, Day 27
2025-10-28 00:02:12,704 - cronlytic.com - DEBUG - Post 1ohzpbv at 2025-10-27T23:56:41 — Man who went viral for heckling Winsome Sears with racist co
2025-10-28 00:02:12,704 - cronlytic.com - INFO - r/politics — Found 494 new items | Skipped 2 due to age | 0 duplicates
2025-10-28 00:02:12,704 - cronlytic.com - INFO - Finished processing posts from r/politics in 3.25 seconds
2025-10-28 00:02:12,704 - cronlytic.com - INFO - Total items scraped: 494
2025-10-28 08:21:03,218 - cronlytic.com - INFO - Rate limiter initialized: 10 requests/minute
2025-10-28 08:21:03,221 - cronlytic.com - INFO - Starting minimal scrape...
2025-10-28 08:21:03,221 - cronlytic.com - INFO - Scraping 1 primary subreddits...
2025-10-28 08:21:03,221 - cronlytic.com - INFO - Fetching posts from r/complaints using top, hot, and new...
2025-10-28 08:21:03,221 - cronlytic.com - INFO - → Fetching top...
2025-10-28 08:21:03,540 - cronlytic.com - INFO - → Fetching hot...
2025-10-28 08:21:04,154 - cronlytic.com - INFO - → Fetching new...
2025-10-28 08:21:04,298 - cronlytic.com - INFO - Total fetched posts to process from r/complaints: 3
2025-10-28 08:21:04,298 - cronlytic.com - INFO - Processing post #1/3
2025-10-28 08:21:04,298 - cronlytic.com - DEBUG - Post 1ohcy60 at 2025-10-27T08:23:52 — I Am Sick of This Cycle of Conservative Economic Terrorism
2025-10-28 08:21:04,299 - cronlytic.com - DEBUG - Post 1of51sg at 2025-10-24T14:11:10 — Update: anti-spam efforts + reminders
2025-10-28 08:21:04,299 - cronlytic.com - DEBUG - Post 1oi7cys at 2025-10-28T07:58:01 — During Trump's first term, when he was constrained by the se
2025-10-28 08:21:04,299 - cronlytic.com - INFO - r/complaints — Found 0 new items | Skipped 3 due to age | 0 duplicates
2025-10-28 08:21:04,299 - cronlytic.com - INFO - Finished processing posts from r/complaints in 0.00 seconds
2025-10-28 08:21:04,299 - cronlytic.com - INFO - Total items scraped: 0
2025-10-28 08:21:04,300 - cronlytic.com - WARNING - No new items were scraped or found within the age range.
2025-10-28 08:21:51,587 - cronlytic.com - INFO - Rate limiter initialized: 10 requests/minute
2025-10-28 08:21:51,589 - cronlytic.com - INFO - Starting minimal scrape...
2025-10-28 08:21:51,589 - cronlytic.com - INFO - Scraping 1 primary subreddits...
2025-10-28 08:21:51,589 - cronlytic.com - INFO - Fetching posts from r/complaints using top, hot, and new...
2025-10-28 08:21:51,590 - cronlytic.com - INFO - → Fetching top...
2025-10-28 08:21:51,878 - cronlytic.com - INFO - → Fetching hot...
2025-10-28 08:21:52,564 - cronlytic.com - INFO - → Fetching new...
2025-10-28 08:21:52,703 - cronlytic.com - INFO - Total fetched posts to process from r/complaints: 3
2025-10-28 08:21:52,703 - cronlytic.com - INFO - Processing post #1/3
2025-10-28 08:21:52,703 - cronlytic.com - DEBUG - Post 1ohcy60 at 2025-10-27T08:23:52 — I Am Sick of This Cycle of Conservative Economic Terrorism
2025-10-28 08:21:55,206 - cronlytic.com - DEBUG - Post 1of51sg at 2025-10-24T14:11:10 — Update: anti-spam efforts + reminders
2025-10-28 08:21:55,307 - cronlytic.com - DEBUG - Post 1oi7ukl at 2025-10-28T08:21:15 — US Protests are just parades…. We need to be stronger. 💪 💥
2025-10-28 08:21:55,307 - cronlytic.com - INFO - r/complaints — Found 346 new items | Skipped 1 due to age | 0 duplicates
2025-10-28 08:21:55,307 - cronlytic.com - INFO - Finished processing posts from r/complaints in 2.60 seconds
2025-10-28 08:21:55,307 - cronlytic.com - INFO - Total items scraped: 346
2025-10-28 09:06:08,562 - cronlytic.com - INFO - Rate limiter initialized: 10 requests/minute
2025-10-28 09:06:08,564 - cronlytic.com - INFO - Starting minimal scrape...
2025-10-28 09:06:08,564 - cronlytic.com - INFO - Scraping 1 primary subreddits...
2025-10-28 09:06:08,564 - cronlytic.com - INFO - Fetching posts from r/complaints using top, hot, and new...
2025-10-28 09:06:08,564 - cronlytic.com - INFO - → Fetching top...
2025-10-28 09:06:08,834 - cronlytic.com - INFO - → Fetching hot...
2025-10-28 09:06:09,685 - cronlytic.com - INFO - → Fetching new...
2025-10-28 09:06:09,824 - cronlytic.com - INFO - Total fetched posts to process from r/complaints: 3
2025-10-28 09:06:09,824 - cronlytic.com - INFO - Processing post #1/3
2025-10-28 09:06:09,824 - cronlytic.com - DEBUG - Post 1ohcy60 at 2025-10-27T08:23:52 — I Am Sick of This Cycle of Conservative Economic Terrorism
2025-10-28 09:06:11,951 - cronlytic.com - DEBUG - Post 1of51sg at 2025-10-24T14:11:10 — Update: anti-spam efforts + reminders
2025-10-28 09:06:12,059 - cronlytic.com - DEBUG - Post 1oi88i8 at 2025-10-28T08:39:00 — Last week it was no kings.  In the coming days it will be pl
2025-10-28 09:06:12,060 - cronlytic.com - INFO - r/complaints — Found 392 new items | Skipped 1 due to age | 0 duplicates
2025-10-28 09:06:12,060 - cronlytic.com - INFO - Finished processing posts from r/complaints in 2.24 seconds
2025-10-28 09:06:12,060 - cronlytic.com - INFO - Total items scraped: 392
2025-10-28 09:37:40,680 - cronlytic.com - INFO - Rate limiter initialized: 10 requests/minute
2025-10-28 09:39:55,679 - cronlytic.com - INFO - Rate limiter initialized: 10 requests/minute
2025-10-28 09:39:55,682 - cronlytic.com - INFO - Starting minimal scrape...
2025-10-28 09:39:55,682 - cronlytic.com - INFO - Scraping 1 primary subreddits...
2025-10-28 09:39:55,682 - cronlytic.com - INFO - Fetching posts from r/complaints using top, hot, and new...
2025-10-28 09:39:55,682 - cronlytic.com - INFO - → Fetching top...
2025-10-28 09:39:55,984 - cronlytic.com - INFO - → Fetching hot...
2025-10-28 09:39:56,626 - cronlytic.com - INFO - → Fetching new...
2025-10-28 09:39:56,820 - cronlytic.com - INFO - Total fetched posts to process from r/complaints: 3
2025-10-28 09:39:56,820 - cronlytic.com - INFO - Processing post #1/3
2025-10-28 09:39:56,820 - cronlytic.com - DEBUG - Post 1ohcy60 at 2025-10-27T08:23:52 — I Am Sick of This Cycle of Conservative Economic Terrorism
2025-10-28 09:39:59,404 - cronlytic.com - DEBUG - Post 1of51sg at 2025-10-24T14:11:10 — Update: anti-spam efforts + reminders
2025-10-28 09:39:59,506 - cronlytic.com - DEBUG - Post 1oi9m36 at 2025-10-28T09:38:40 — Autocorrect is driving me mad - getting worse and worse over
2025-10-28 09:39:59,506 - cronlytic.com - INFO - r/complaints — Found 399 new items | Skipped 1 due to age | 0 duplicates
2025-10-28 09:39:59,506 - cronlytic.com - INFO - Finished processing posts from r/complaints in 2.69 seconds
2025-10-28 09:39:59,506 - cronlytic.com - INFO - Total items scraped: 399
2025-10-28 09:40:16,607 - cronlytic.com - INFO - Rate limiter initialized: 10 requests/minute
2025-10-28 09:51:59,081 - cronlytic.com - INFO - Rate limiter initialized: 10 requests/minute
2025-10-28 09:54:16,790 - cronlytic.com - INFO - Rate limiter initialized: 10 requests/minute
2025-10-28 09:54:16,792 - cronlytic.com - INFO - Starting minimal scrape...
2025-10-28 09:54:16,792 - cronlytic.com - INFO - Scraping 1 primary subreddits...
2025-10-28 09:54:16,792 - cronlytic.com - INFO - Fetching posts from r/complaints using top, hot, and new...
2025-10-28 09:54:16,792 - cronlytic.com - INFO - → Fetching top...
2025-10-28 09:54:17,073 - cronlytic.com - INFO - → Fetching hot...
2025-10-28 09:54:17,701 - cronlytic.com - INFO - → Fetching new...
2025-10-28 09:54:17,832 - cronlytic.com - INFO - Total fetched posts to process from r/complaints: 3
2025-10-28 09:54:17,832 - cronlytic.com - INFO - Processing post #1/3
2025-10-28 09:54:17,832 - cronlytic.com - DEBUG - Post 1ohcy60 at 2025-10-27T08:23:52 — I Am Sick of This Cycle of Conservative Economic Terrorism
2025-10-28 09:54:20,430 - cronlytic.com - DEBUG - Post 1of51sg at 2025-10-24T14:11:10 — Update: anti-spam efforts + reminders
2025-10-28 09:54:20,532 - cronlytic.com - DEBUG - Post 1oi9s8o at 2025-10-28T09:45:34 — Republicans are dangerous (and Republican voters don’t even 
2025-10-28 09:54:20,532 - cronlytic.com - INFO - r/complaints — Found 404 new items | Skipped 1 due to age | 0 duplicates
2025-10-28 09:54:20,532 - cronlytic.com - INFO - Finished processing posts from r/complaints in 2.70 seconds
2025-10-28 09:54:20,532 - cronlytic.com - INFO - Total items scraped: 404
2025-10-28 09:55:12,401 - cronlytic.com - INFO - Rate limiter initialized: 10 requests/minute
2025-10-28 09:55:43,043 - cronlytic.com - INFO - Rate limiter initialized: 10 requests/minute
2025-10-28 09:57:01,370 - cronlytic.com - INFO - Rate limiter initialized: 10 requests/minute
2025-10-28 09:57:01,372 - cronlytic.com - INFO - Starting minimal scrape...
2025-10-28 09:57:01,372 - cronlytic.com - INFO - Scraping 1 primary subreddits...
2025-10-28 09:57:01,372 - cronlytic.com - INFO - Fetching posts from r/complaints using top, hot, and new...
2025-10-28 09:57:01,372 - cronlytic.com - INFO - → Fetching top...
2025-10-28 09:57:01,654 - cronlytic.com - INFO - → Fetching hot...
2025-10-28 09:57:02,406 - cronlytic.com - INFO - → Fetching new...
2025-10-28 09:57:02,574 - cronlytic.com - INFO - Total fetched posts to process from r/complaints: 3
2025-10-28 09:57:02,574 - cronlytic.com - INFO - Processing post #1/3
2025-10-28 09:57:02,574 - cronlytic.com - DEBUG - Post 1ohcy60 at 2025-10-27T08:23:52 — I Am Sick of This Cycle of Conservative Economic Terrorism
2025-10-28 09:57:05,349 - cronlytic.com - DEBUG - Post 1of51sg at 2025-10-24T14:11:10 — Update: anti-spam efforts + reminders
2025-10-28 09:57:05,466 - cronlytic.com - DEBUG - Post 1oi9s8o at 2025-10-28T09:45:34 — Republicans are dangerous (and Republican voters don’t even 
2025-10-28 09:57:05,466 - cronlytic.com - INFO - r/complaints — Found 405 new items | Skipped 1 due to age | 0 duplicates
2025-10-28 09:57:05,466 - cronlytic.com - INFO - Finished processing posts from r/complaints in 2.89 seconds
2025-10-28 09:57:05,466 - cronlytic.com - INFO - Total items scraped: 405
2025-10-28 09:57:24,811 - cronlytic.com - INFO - Rate limiter initialized: 10 requests/minute
2025-10-28 09:58:24,760 - cronlytic.com - INFO - Rate limiter initialized: 10 requests/minute
2025-10-28 09:59:59,243 - cronlytic.com - INFO - Rate limiter initialized: 10 requests/minute
2025-10-28 10:00:28,363 - cronlytic.com - INFO - Rate limiter initialized: 10 requests/minute
2025-10-28 10:02:13,749 - cronlytic.com - INFO - Rate limiter initialized: 10 requests/minute
2025-10-28 10:02:21,987 - cronlytic.com - INFO - Rate limiter initialized: 10 requests/minute
2025-10-28 10:02:21,989 - cronlytic.com - INFO - Starting minimal scrape...
2025-10-28 10:02:21,989 - cronlytic.com - INFO - Scraping 1 primary subreddits...
2025-10-28 10:02:21,989 - cronlytic.com - INFO - Fetching posts from r/complaints using top, hot, and new...
2025-10-28 10:02:21,989 - cronlytic.com - INFO - → Fetching top...
2025-10-28 10:02:22,308 - cronlytic.com - INFO - → Fetching hot...
2025-10-28 10:02:22,933 - cronlytic.com - INFO - → Fetching new...
2025-10-28 10:02:23,085 - cronlytic.com - INFO - Total fetched posts to process from r/complaints: 3
2025-10-28 10:02:23,085 - cronlytic.com - INFO - Processing post #1/3
2025-10-28 10:02:23,085 - cronlytic.com - DEBUG - Post 1ohcy60 at 2025-10-27T08:23:52 — I Am Sick of This Cycle of Conservative Economic Terrorism
2025-10-28 10:02:25,616 - cronlytic.com - DEBUG - Post 1of51sg at 2025-10-24T14:11:10 — Update: anti-spam efforts + reminders
2025-10-28 10:02:25,734 - cronlytic.com - DEBUG - Post 1oi9s8o at 2025-10-28T09:45:34 — Republicans are dangerous (and Republican voters don’t even 
2025-10-28 10:02:25,734 - cronlytic.com - INFO - r/complaints — Found 405 new items | Skipped 1 due to age | 0 duplicates
2025-10-28 10:02:25,734 - cronlytic.com - INFO - Finished processing posts from r/complaints in 2.65 seconds
2025-10-28 10:02:25,735 - cronlytic.com - INFO - Total items scraped: 405
2025-10-28 10:02:32,339 - cronlytic.com - INFO - Rate limiter initialized: 10 requests/minute
2025-10-28 10:13:52,323 - cronlytic.com - INFO - Rate limiter initialized: 10 requests/minute
2025-10-28 10:13:52,324 - cronlytic.com - INFO - Starting minimal scrape...
2025-10-28 10:13:52,324 - cronlytic.com - INFO - Scraping 1 primary subreddits...
2025-10-28 10:13:52,324 - cronlytic.com - INFO - Fetching posts from r/complaints using top, hot, and new...
2025-10-28 10:13:52,324 - cronlytic.com - INFO - → Fetching top...
2025-10-28 10:13:52,602 - cronlytic.com - INFO - → Fetching hot...
2025-10-28 10:13:53,162 - cronlytic.com - INFO - → Fetching new...
2025-10-28 10:13:53,321 - cronlytic.com - INFO - Total fetched posts to process from r/complaints: 3
2025-10-28 10:13:53,321 - cronlytic.com - INFO - Processing post #1/3
2025-10-28 10:13:53,321 - cronlytic.com - DEBUG - Post 1ohcy60 at 2025-10-27T08:23:52 — I Am Sick of This Cycle of Conservative Economic Terrorism
2025-10-28 10:13:55,543 - cronlytic.com - DEBUG - Post 1of51sg at 2025-10-24T14:11:10 — Update: anti-spam efforts + reminders
2025-10-28 10:13:55,643 - cronlytic.com - DEBUG - Post 1oiafch at 2025-10-28T10:10:52 — This subreddit is biased and you're all angry about the wron
2025-10-28 10:13:55,643 - cronlytic.com - INFO - r/complaints — Found 408 new items | Skipped 1 due to age | 0 duplicates
2025-10-28 10:13:55,643 - cronlytic.com - INFO - Finished processing posts from r/complaints in 2.32 seconds
2025-10-28 10:13:55,643 - cronlytic.com - INFO - Total items scraped: 408
2025-10-28 10:14:10,999 - cronlytic.com - INFO - Rate limiter initialized: 10 requests/minute
2025-10-28 10:14:11,000 - cronlytic.com - INFO - Starting minimal scrape...
2025-10-28 10:14:11,000 - cronlytic.com - INFO - Scraping 1 primary subreddits...
2025-10-28 10:14:11,000 - cronlytic.com - INFO - Fetching posts from r/complaints using top, hot, and new...
2025-10-28 10:14:11,000 - cronlytic.com - INFO - → Fetching top...
2025-10-28 10:14:11,283 - cronlytic.com - INFO - → Fetching hot...
2025-10-28 10:14:11,924 - cronlytic.com - INFO - → Fetching new...
2025-10-28 10:14:12,078 - cronlytic.com - INFO - Total fetched posts to process from r/complaints: 3
2025-10-28 10:14:12,078 - cronlytic.com - INFO - Processing post #1/3
2025-10-28 10:14:12,078 - cronlytic.com - DEBUG - Post 1ohcy60 at 2025-10-27T08:23:52 — I Am Sick of This Cycle of Conservative Economic Terrorism
2025-10-28 10:14:14,665 - cronlytic.com - DEBUG - Post 1of51sg at 2025-10-24T14:11:10 — Update: anti-spam efforts + reminders
2025-10-28 10:14:14,777 - cronlytic.com - DEBUG - Post 1oiafch at 2025-10-28T10:10:52 — This subreddit is biased and you're all angry about the wron
2025-10-28 10:14:14,778 - cronlytic.com - INFO - r/complaints — Found 408 new items | Skipped 1 due to age | 0 duplicates
2025-10-28 10:14:14,778 - cronlytic.com - INFO - Finished processing posts from r/complaints in 2.70 seconds
2025-10-28 10:14:14,778 - cronlytic.com - INFO - Total items scraped: 408
2025-10-28 10:15:47,098 - cronlytic.com - INFO - Rate limiter initialized: 10 requests/minute
2025-10-28 10:16:54,439 - cronlytic.com - INFO - Rate limiter initialized: 10 requests/minute
2025-10-28 10:16:54,440 - cronlytic.com - INFO - Starting minimal scrape...
2025-10-28 10:16:54,440 - cronlytic.com - INFO - Scraping 1 primary subreddits...
2025-10-28 10:16:54,440 - cronlytic.com - INFO - Fetching posts from r/complaints using top, hot, and new...
2025-10-28 10:16:54,440 - cronlytic.com - INFO - → Fetching top...
2025-10-28 10:16:54,715 - cronlytic.com - INFO - → Fetching hot...
2025-10-28 10:16:55,394 - cronlytic.com - INFO - → Fetching new...
2025-10-28 10:16:55,537 - cronlytic.com - INFO - Total fetched posts to process from r/complaints: 3
2025-10-28 10:16:55,538 - cronlytic.com - INFO - Processing post #1/3
2025-10-28 10:16:55,538 - cronlytic.com - DEBUG - Post 1ohcy60 at 2025-10-27T08:23:52 — I Am Sick of This Cycle of Conservative Economic Terrorism
2025-10-28 10:16:58,429 - cronlytic.com - DEBUG - Post 1of51sg at 2025-10-24T14:11:10 — Update: anti-spam efforts + reminders
2025-10-28 10:16:58,529 - cronlytic.com - DEBUG - Post 1oiafch at 2025-10-28T10:10:52 — This subreddit is biased and you're all angry about the wron
2025-10-28 10:16:58,529 - cronlytic.com - INFO - r/complaints — Found 409 new items | Skipped 1 due to age | 0 duplicates
2025-10-28 10:16:58,529 - cronlytic.com - INFO - Finished processing posts from r/complaints in 2.99 seconds
2025-10-28 10:16:58,529 - cronlytic.com - INFO - Total items scraped: 409
2025-10-28 10:17:38,683 - cronlytic.com - INFO - Rate limiter initialized: 10 requests/minute
2025-10-28 10:17:38,685 - cronlytic.com - INFO - Starting minimal scrape...
2025-10-28 10:17:38,685 - cronlytic.com - INFO - Scraping 1 primary subreddits...
2025-10-28 10:17:38,685 - cronlytic.com - INFO - Fetching posts from r/complaints using top, hot, and new...
2025-10-28 10:17:38,685 - cronlytic.com - INFO - → Fetching top...
2025-10-28 10:17:38,960 - cronlytic.com - INFO - → Fetching hot...
2025-10-28 10:17:39,553 - cronlytic.com - INFO - → Fetching new...
2025-10-28 10:17:39,702 - cronlytic.com - INFO - Total fetched posts to process from r/complaints: 3
2025-10-28 10:17:39,702 - cronlytic.com - INFO - Processing post #1/3
2025-10-28 10:17:39,703 - cronlytic.com - DEBUG - Post 1ohcy60 at 2025-10-27T08:23:52 — I Am Sick of This Cycle of Conservative Economic Terrorism
2025-10-28 10:17:42,309 - cronlytic.com - DEBUG - Post 1of51sg at 2025-10-24T14:11:10 — Update: anti-spam efforts + reminders
2025-10-28 10:17:42,407 - cronlytic.com - DEBUG - Post 1oiafch at 2025-10-28T10:10:52 — This subreddit is biased and you're all angry about the wron
2025-10-28 10:17:42,407 - cronlytic.com - INFO - r/complaints — Found 409 new items | Skipped 1 due to age | 0 duplicates
2025-10-28 10:17:42,407 - cronlytic.com - INFO - Finished processing posts from r/complaints in 2.71 seconds
2025-10-28 10:17:42,407 - cronlytic.com - INFO - Total items scraped: 409
